0 info it worked if it ends with ok
1 verbose cli [ '/Users/FuD/.nvm/versions/node/v5.11.1/bin/node',
1 verbose cli   '/Users/FuD/.nvm/versions/node/v5.11.1/bin/npm',
1 verbose cli   'start' ]
2 info using npm@3.10.8
3 info using node@v5.11.1
4 verbose run-script [ 'prestart', 'start', 'poststart' ]
5 info lifecycle node-scaffold@0.1.3~prestart: node-scaffold@0.1.3
6 silly lifecycle node-scaffold@0.1.3~prestart: no script for prestart, continuing
7 info lifecycle node-scaffold@0.1.3~start: node-scaffold@0.1.3
8 verbose lifecycle node-scaffold@0.1.3~start: unsafe-perm in lifecycle true
9 verbose lifecycle node-scaffold@0.1.3~start: PATH: /Users/FuD/.nvm/versions/node/v5.11.1/lib/node_modules/npm/bin/node-gyp-bin:/Users/FuD/Projects/node-scaffold/node_modules/.bin:/Users/FuD/.sdkman/candidates/groovy/current/bin:/Users/FuD/.gvm/vertx/current/bin:/Users/FuD/.gvm/springboot/current/bin:/Users/FuD/.gvm/lazybones/current/bin:/Users/FuD/.gvm/jbossforge/current/bin:/Users/FuD/.gvm/jbake/current/bin:/Users/FuD/.gvm/groovyserv/current/bin:/Users/FuD/.gvm/groovy/current/bin:/Users/FuD/.gvm/griffon/current/bin:/Users/FuD/.gvm/grails/current/bin:/Users/FuD/.gvm/gradle/current/bin:/Users/FuD/.gvm/glide/current/bin:/Users/FuD/.gvm/gaiden/current/bin:/Users/FuD/.gvm/crash/current/bin:/Users/FuD/.gvm/asciidoctorj/current/bin:/Users/FuD/.nvm/versions/node/v5.11.1/bin:/Users/FuD/bin:/usr/local/bin:/usr/local/bin:/usr/bin:/bin:/usr/sbin:/sbin:/opt/X11/bin:/Users/FuD/Library/Android/sdk/tools:/Users/FuD/Library/Android/sdk/platform-tools
10 verbose lifecycle node-scaffold@0.1.3~start: CWD: /Users/FuD/Projects/node-scaffold
11 silly lifecycle node-scaffold@0.1.3~start: Args: [ '-c',
11 silly lifecycle   'babel-node --presets es2015,stage-0 index.js -f boilerplate.json' ]
12 silly lifecycle node-scaffold@0.1.3~start: Returned: code: 1  signal: null
13 info lifecycle node-scaffold@0.1.3~start: Failed to exec start script
14 verbose stack Error: node-scaffold@0.1.3 start: `babel-node --presets es2015,stage-0 index.js -f boilerplate.json`
14 verbose stack Exit status 1
14 verbose stack     at EventEmitter.<anonymous> (/Users/FuD/.nvm/versions/node/v5.11.1/lib/node_modules/npm/lib/utils/lifecycle.js:255:16)
14 verbose stack     at emitTwo (events.js:100:13)
14 verbose stack     at EventEmitter.emit (events.js:185:7)
14 verbose stack     at ChildProcess.<anonymous> (/Users/FuD/.nvm/versions/node/v5.11.1/lib/node_modules/npm/lib/utils/spawn.js:40:14)
14 verbose stack     at emitTwo (events.js:100:13)
14 verbose stack     at ChildProcess.emit (events.js:185:7)
14 verbose stack     at maybeClose (internal/child_process.js:850:16)
14 verbose stack     at Process.ChildProcess._handle.onexit (internal/child_process.js:215:5)
15 verbose pkgid node-scaffold@0.1.3
16 verbose cwd /Users/FuD/Projects/node-scaffold
17 error Darwin 16.1.0
18 error argv "/Users/FuD/.nvm/versions/node/v5.11.1/bin/node" "/Users/FuD/.nvm/versions/node/v5.11.1/bin/npm" "start"
19 error node v5.11.1
20 error npm  v3.10.8
21 error code ELIFECYCLE
22 error node-scaffold@0.1.3 start: `babel-node --presets es2015,stage-0 index.js -f boilerplate.json`
22 error Exit status 1
23 error Failed at the node-scaffold@0.1.3 start script 'babel-node --presets es2015,stage-0 index.js -f boilerplate.json'.
23 error Make sure you have the latest version of node.js and npm installed.
23 error If you do, this is most likely a problem with the node-scaffold package,
23 error not with npm itself.
23 error Tell the author that this fails on your system:
23 error     babel-node --presets es2015,stage-0 index.js -f boilerplate.json
23 error You can get information on how to open an issue for this project with:
23 error     npm bugs node-scaffold
23 error Or if that isn't available, you can get their info via:
23 error     npm owner ls node-scaffold
23 error There is likely additional logging output above.
24 verbose exit [ 1, true ]
